\BOOKMARK [0][-]{chapter.1}{Cel pracy.}{}
\BOOKMARK [0][-]{chapter.2}{Wprowadzenie do dziedziny.}{}
\BOOKMARK [1][-]{section.2.1}{Problemy system\363w czasu rzeczywistego.}{chapter.2}
\BOOKMARK [2][-]{subsection.2.1.1}{System operacyjny Linux \( wersja jadra 2.6 \).}{section.2.1}
\BOOKMARK [2][-]{subsection.2.1.2}{Techniki programistyczne w standardzie POSIX.}{section.2.1}
\BOOKMARK [2][-]{subsection.2.1.3}{Xenomai i RTAI.}{section.2.1}
\BOOKMARK [2][-]{subsection.2.1.4}{Por\363wnanie Linux 2.6, Xenomai, RTAI i VxWorks.}{section.2.1}
\BOOKMARK [1][-]{section.2.2}{Standardy 802.11 w systemach czasu rzeczywistego.}{chapter.2}
\BOOKMARK [2][-]{subsection.2.2.1}{Problemy w 802.11 MAC - opcja DCF.}{section.2.2}
\BOOKMARK [2][-]{subsection.2.2.2}{802.11 MAC - opcja PCF.}{section.2.2}
\BOOKMARK [2][-]{subsection.2.2.3}{Wsparcie dla QoS w standardzie 802.11e.}{section.2.2}
\BOOKMARK [2][-]{subsection.2.2.4}{Zastosowanie 802.11e w przyk\233adowym srodowisku.}{section.2.2}
\BOOKMARK [2][-]{subsection.2.2.5}{Rozwiazania na poziomie oprogramowania Linux.}{section.2.2}
\BOOKMARK [2][-]{subsection.2.2.6}{Stos IP RTnet.}{section.2.2}
\BOOKMARK [0][-]{chapter.3}{Pomiar czasu prze\233aczania kana\233u radiowego.}{}
\BOOKMARK [1][-]{section.3.1}{Prze\233aczanie kana\233u radiowego.}{chapter.3}
\BOOKMARK [1][-]{section.3.2}{Metodyka pomiaru.}{chapter.3}
\BOOKMARK [1][-]{section.3.3}{Scenariusz pomiaru: Roaming 802.11.}{chapter.3}
\BOOKMARK [2][-]{subsection.3.3.1}{Srodowisko pomiarowe.}{section.3.3}
\BOOKMARK [2][-]{subsection.3.3.2}{Mierzona wartosc: Czas roamingu.}{section.3.3}
\BOOKMARK [2][-]{subsection.3.3.3}{Wymagania co do aplikacji hop-sniffer.}{section.3.3}
\BOOKMARK [0][-]{chapter.4}{Narzedzie pomiarowe: hop-sniffer.}{}
\BOOKMARK [1][-]{section.4.1}{Srodowisko pracy programu.}{chapter.4}
\BOOKMARK [1][-]{section.4.2}{Biblioteki programistyczne.}{chapter.4}
\BOOKMARK [2][-]{subsection.4.2.1}{Nas\233uchiwanie za pomoca interfejsu nl80211.}{section.4.2}
\BOOKMARK [2][-]{subsection.4.2.2}{Nas\233uchiwanie za pomoca biblioteki typu pcap.}{section.4.2}
\BOOKMARK [1][-]{section.4.3}{Implementacja programu hop-sniffer.}{chapter.4}
\BOOKMARK [2][-]{subsection.4.3.1}{Obs\233uga sygna\233\363w i zwalnianie zasob\363w.}{section.4.3}
\BOOKMARK [2][-]{subsection.4.3.2}{Pomiar zaleznosci czasowych miedzy ramkami.}{section.4.3}
\BOOKMARK [2][-]{subsection.4.3.3}{Przetwarzanie nag\233\363wka radiotap.}{section.4.3}
\BOOKMARK [2][-]{subsection.4.3.4}{Przetwarzanie nag\233\363wka standardu 802.11.}{section.4.3}
\BOOKMARK [2][-]{subsection.4.3.5}{Prze\233aczanie kana\233u radiowego stacji pomiarowej.}{section.4.3}
\BOOKMARK [0][-]{chapter.5}{Wnioski z pomiaru roamingu 802.11.}{}
\BOOKMARK [1][-]{section.5.1}{Stan medium transmisyjnego.}{chapter.5}
\BOOKMARK [1][-]{section.5.2}{Testowane modele kart radiowych i system\363w.}{chapter.5}
\BOOKMARK [1][-]{section.5.3}{Metody usredniania wynik\363w.}{chapter.5}
\BOOKMARK [1][-]{section.5.4}{Wnioski na temat wynik\363w pomiaru.}{chapter.5}
\BOOKMARK [0][-]{chapter.6}{Kierunki rozwoju.}{}
